[    0.000000] Linux version 4.15.0-91-generic (buildd@lgw01-amd64-013) (gcc version 7.4.0 (Ubuntu 7.4.0-1ubuntu1~18.04.1)) #92-Ubuntu SMP Fri Feb 28 11:09:48 UTC 2020 (Ubuntu 4.15.0-91.92-generic 4.15.18)
[    0.000000] Command line: BOOT_IMAGE=/boot/vmlinuz-4.15.0-91-generic root=LABEL=cloudimg-rootfs ro console=tty1 console=ttyS0
[    0.000000] KERNEL supported cpus:
[    0.000000]   Intel GenuineIntel
[    0.000000]   AMD AuthenticAMD
[    0.000000]   Centaur CentaurHauls
[    0.000000] x86/fpu: Supporting XSAVE feature 0x001: 'x87 floating point registers'
[    0.000000] x86/fpu: Supporting XSAVE feature 0x002: 'SSE registers'
[    0.000000] x86/fpu: Supporting XSAVE feature 0x004: 'AVX registers'
[    0.000000] x86/fpu: xstate_offset[2]:  576, xstate_sizes[2]:  256
[    0.000000] x86/fpu: Enabled xstate features 0x7, context size is 832 bytes, using 'standard' format.
[    0.000000] e820: BIOS-provided physical RAM map:
[    0.000000] BIOS-e820: [mem 0x0000000000000000-0x000000000009fbff] usable
[    0.000000] BIOS-e820: [mem 0x000000000009fc00-0x000000000009ffff] reserved
[    0.000000] BIOS-e820: [mem 0x00000000000f0000-0x00000000000fffff] reserved
[    0.000000] BIOS-e820: [mem 0x0000000000100000-0x000000003ffeffff] usable
[    0.000000] BIOS-e820: [mem 0x000000003fff0000-0x000000003fffffff] ACPI data
[    0.000000] BIOS-e820: [mem 0x00000000fec00000-0x00000000fec00fff] reserved
[    0.000000] BIOS-e820: [mem 0x00000000fee00000-0x00000000fee00fff] reserved
[    0.000000] BIOS-e820: [mem 0x00000000fffc0000-0x00000000ffffffff] reserved
[    0.000000] NX (Execute Disable) protection: active
[    0.000000] SMBIOS 2.5 present.
[    0.000000] DMI: innotek GmbH VirtualBox/VirtualBox, BIOS VirtualBox 12/01/2006
[    0.000000] Hypervisor detected: KVM
[    0.000000] e820: last_pfn = 0x3fff0 max_arch_pfn = 0x400000000
[    0.000000] MTRR: Disabled
[    0.000000] x86/PAT: MTRRs disabled, skipping PAT initialization too.
[    0.000000] CPU MTRRs all blank - virtualized system.
[    0.000000] x86/PAT: Configuration [0-7]: WB  WT  UC- UC  WB  WT  UC- UC  
[    0.000000] found SMP MP-table at [mem 0x0009fff0-0x0009ffff]
[    0.000000] Scanning 1 areas for low memory corruption
[    0.000000] RAMDISK: [mem 0x35a6b000-0x36d2cfff]
[    0.000000] ACPI: Early table checksum verification disabled
[    0.000000] ACPI: RSDP 0x00000000000E0000 000024 (v02 VBOX  )
[    0.000000] ACPI: XSDT 0x000000003FFF0030 00003C (v01 VBOX   VBOXXSDT 00000001 ASL  00000061)
[    0.000000] ACPI: FACP 0x000000003FFF00F0 0000F4 (v04 VBOX   VBOXFACP 00000001 ASL  00000061)
[    0.000000] ACPI: DSDT 0x000000003FFF0470 002325 (v02 VBOX   VBOXBIOS 00000002 INTL 20100528)
[    0.000000] ACPI: FACS 0x000000003FFF0200 000040
[    0.000000] ACPI: FACS 0x000000003FFF0200 000040
[    0.000000] ACPI: APIC 0x000000003FFF0240 00005C (v02 VBOX   VBOXAPIC 00000001 ASL  00000061)
[    0.000000] ACPI: SSDT 0x000000003FFF02A0 0001CC (v01 VBOX   VBOXCPUT 00000002 INTL 20100528)
[    0.000000] No NUMA configuration found
[    0.000000] Faking a node at [mem 0x0000000000000000-0x000000003ffeffff]
[    0.000000] NODE_DATA(0) allocated [mem 0x3ffc5000-0x3ffeffff]
[    0.000000] kvm-clock: cpu 0, msr 0:3ff44001, primary cpu clock
[    0.000000] kvm-clock: Using msrs 4b564d01 and 4b564d00
[    0.000000] kvm-clock: using sched offset of 4124070062 cycles
[    0.000000] clocksource: kvm-clock: mask: 0xffffffffffffffff max_cycles: 0x1cd42e4dffb, max_idle_ns: 881590591483 ns
[    0.000000] Zone ranges:
[    0.000000]   DMA      [mem 0x0000000000001000-0x0000000000ffffff]
[    0.000000]   DMA32    [mem 0x0000000001000000-0x000000003ffeffff]
[    0.000000]   Normal   empty
[    0.000000]   Device   empty
[    0.000000] Movable zone start for each node
[    0.000000] Early memory node ranges
[    0.000000]   node   0: [mem 0x0000000000001000-0x000000000009efff]
[    0.000000]   node   0: [mem 0x0000000000100000-0x000000003ffeffff]
[    0.000000] Reserved but unavailable: 98 pages
[    0.000000] Initmem setup node 0 [mem 0x0000000000001000-0x000000003ffeffff]
[    0.000000] ACPI: PM-Timer IO Port: 0x4008
[    0.000000] IOAPIC[0]: apic_id 2, version 32, address 0xfec00000, GSI 0-23
[    0.000000] ACPI: INT_SRC_OVR (bus 0 bus_irq 0 global_irq 2 dfl dfl)
[    0.000000] ACPI: INT_SRC_OVR (bus 0 bus_irq 9 global_irq 9 low level)
[    0.000000] Using ACPI (MADT) for SMP configuration information
[    0.000000] smpboot: Allowing 2 CPUs, 0 hotplug CPUs
[    0.000000] PM: Registered nosave memory: [mem 0x00000000-0x00000fff]
[    0.000000] PM: Registered nosave memory: [mem 0x0009f000-0x0009ffff]
[    0.000000] PM: Registered nosave memory: [mem 0x000a0000-0x000effff]
[    0.000000] PM: Registered nosave memory: [mem 0x000f0000-0x000fffff]
[    0.000000] e820: [mem 0x40000000-0xfebfffff] available for PCI devices
[    0.000000] Booting paravirtualized kernel on KVM
[    0.000000] clocksource: refined-jiffies: mask: 0xffffffff max_cycles: 0xffffffff, max_idle_ns: 7645519600211568 ns
[    0.000000] random: get_random_bytes called from start_kernel+0x99/0x4fd with crng_init=0
[    0.000000] setup_percpu: NR_CPUS:8192 nr_cpumask_bits:2 nr_cpu_ids:2 nr_node_ids:1
[    0.000000] percpu: Embedded 45 pages/cpu s147456 r8192 d28672 u1048576
[    0.000000] PV qspinlock hash table entries: 256 (order: 0, 4096 bytes)
[    0.000000] Built 1 zonelists, mobility grouping on.  Total pages: 257913
[    0.000000] Policy zone: DMA32
[    0.000000] Kernel command line: BOOT_IMAGE=/boot/vmlinuz-4.15.0-91-generic root=LABEL=cloudimg-rootfs ro console=tty1 console=ttyS0
[    0.000000] Memory: 983060K/1048120K available (12300K kernel code, 2481K rwdata, 4264K rodata, 2432K init, 2712K bss, 65060K reserved, 0K cma-reserved)
[    0.000000] SLUB: HWalign=64, Order=0-3, MinObjects=0, CPUs=2, Nodes=1
[    0.000000] Kernel/User page tables isolation: enabled
[    0.000000] ftrace: allocating 39347 entries in 154 pages
[    0.004000] Hierarchical RCU implementation.
[    0.004000] 	RCU restricting CPUs from NR_CPUS=8192 to nr_cpu_ids=2.
[    0.004000] 	Tasks RCU enabled.
[    0.004000] RCU: Adjusting geometry for rcu_fanout_leaf=16, nr_cpu_ids=2
[    0.004000] NR_IRQS: 524544, nr_irqs: 440, preallocated irqs: 16
[    0.004000] Console: colour VGA+ 80x25
[    0.004000] console [tty1] enabled
[    0.004000] console [ttyS0] enabled
[    0.004000] ACPI: Core revision 20170831
[    0.004000] ACPI: 2 ACPI AML tables successfully acquired and loaded
[    0.004000] APIC: Switch to symmetric I/O mode setup
[    0.004000] x2apic enabled
[    0.004000] Switched APIC routing to physical x2apic.
[    0.004000] ..TIMER: vector=0x30 apic1=0 pin1=2 apic2=-1 pin2=-1
[    0.004003] tsc: Detected 2592.002 MHz processor
[    0.008007] Calibrating delay loop (skipped) preset value.. 5184.00 BogoMIPS (lpj=10368008)
[    0.010301] pid_max: default: 32768 minimum: 301
[    0.012029] Security Framework initialized
[    0.013205] Yama: becoming mindful.
[    0.014241] AppArmor: AppArmor initialized
[    0.016037] Dentry cache hash table entries: 131072 (order: 8, 1048576 bytes)
[    0.017808] Inode-cache hash table entries: 65536 (order: 7, 524288 bytes)
[    0.020010] Mount-cache hash table entries: 2048 (order: 2, 16384 bytes)
[    0.021684] Mountpoint-cache hash table entries: 2048 (order: 2, 16384 bytes)
[    0.024279] Last level iTLB entries: 4KB 64, 2MB 8, 4MB 8
[    0.025562] Last level dTLB entries: 4KB 64, 2MB 0, 4MB 0, 1GB 4
[    0.027083] Spectre V1 : Mitigation: usercopy/swapgs barriers and __user pointer sanitization
[    0.028002] Spectre V2 : Mitigation: Full generic retpoline
[    0.029320] Spectre V2 : Spectre v2 / SpectreRSB mitigation: Filling RSB on context switch
[    0.032001] Speculative Store Bypass: Vulnerable
[    0.033143] MDS: Vulnerable: Clear CPU buffers attempted, no microcode
[    0.036073] Freeing SMP alternatives memory: 36K
[    0.146935] smpboot: CPU0: Intel(R) Core(TM) i7-6700HQ CPU @ 2.60GHz (family: 0x6, model: 0x5e, stepping: 0x3)
[    0.148000] Performance Events: unsupported p6 CPU model 94 no PMU driver, software events only.
[    0.148028] Hierarchical SRCU implementation.
[    0.152713] NMI watchdog: Perf event create on CPU 0 failed with -2
[    0.154200] NMI watchdog: Perf NMI watchdog permanently disabled
[    0.155937] smp: Bringing up secondary CPUs ...
[    0.156099] x86: Booting SMP configuration:
[    0.157453] .... node  #0, CPUs:      #1
[    0.004000] kvm-clock: cpu 1, msr 0:3ff44041, secondary cpu clock
[    0.163377] smp: Brought up 1 node, 2 CPUs
[    0.164005] smpboot: Max logical packages: 1
[    0.165487] smpboot: Total of 2 processors activated (10368.00 BogoMIPS)
[    0.168043] devtmpfs: initialized
[    0.169205] x86/mm: Memory block size: 128MB
[    0.170488] evm: security.selinux
[    0.171496] evm: security.SMACK64
[    0.172004] evm: security.SMACK64EXEC
[    0.173223] evm: security.SMACK64TRANSMUTE
[    0.174697] evm: security.SMACK64MMAP
[    0.176003] evm: security.apparmor
[    0.176995] evm: security.ima
[    0.177789] evm: security.capability
[    0.180113] clocksource: jiffies: mask: 0xffffffff max_cycles: 0xffffffff, max_idle_ns: 7645041785100000 ns
[    0.182698] futex hash table entries: 512 (order: 3, 32768 bytes)
[    0.186521] pinctrl core: initialized pinctrl subsystem
[    0.188112] RTC time: 13:37:39, date: 04/05/20
[    0.189353] NET: Registered protocol family 16
[    0.190667] audit: initializing netlink subsys (disabled)
[    0.192027] audit: type=2000 audit(1586093864.804:1): state=initialized audit_enabled=0 res=1
[    0.194340] cpuidle: using governor ladder
[    0.194340] cpuidle: using governor menu
[    0.196043] ACPI: bus type PCI registered
[    0.197223] acpiphp: ACPI Hot Plug PCI Controller Driver version: 0.5
[    0.199028] PCI: Using configuration type 1 for base access
[    0.201140] HugeTLB registered 2.00 MiB page size, pre-allocated 0 pages
[    0.204078] ACPI: Added _OSI(Module Device)
[    0.205131] ACPI: Added _OSI(Processor Device)
[    0.206161] ACPI: Added _OSI(3.0 _SCP Extensions)
[    0.208003] ACPI: Added _OSI(Processor Aggregator Device)
[    0.209743] ACPI: Added _OSI(Linux-Dell-Video)
[    0.211257] ACPI: Added _OSI(Linux-Lenovo-NV-HDMI-Audio)
[    0.212006] ACPI: Added _OSI(Linux-HPI-Hybrid-Graphics)
[    0.213865] ACPI: Executed 1 blocks of module-level executable AML code
[    0.221521] ACPI: Interpreter enabled
[    0.222487] ACPI: (supports S0 S5)
[    0.223355] ACPI: Using IOAPIC for interrupt routing
[    0.224286] PCI: Using host bridge windows from ACPI; if necessary, use "pci=nocrs" and report a bug
[    0.226654] ACPI: Enabled 2 GPEs in block 00 to 07
[    0.235767] ACPI: PCI Root Bridge [PCI0] (domain 0000 [bus 00-ff])
[    0.236006] acpi PNP0A03:00: _OSC: OS supports [ASPM ClockPM Segments MSI]
[    0.238296] acpi PNP0A03:00: _OSC: not requesting OS control; OS requires [ExtendedConfig ASPM ClockPM MSI]
[    0.240011] acpi PNP0A03:00: fail to add MMCONFIG information, can't access extended PCI configuration space under this bridge.
[    0.244434] PCI host bridge to bus 0000:00
[    0.245715] pci_bus 0000:00: root bus resource [io  0x0000-0x0cf7 window]
[    0.248002] pci_bus 0000:00: root bus resource [io  0x0d00-0xffff window]
[    0.249706] pci_bus 0000:00: root bus resource [mem 0x000a0000-0x000bffff window]
[    0.251618] pci_bus 0000:00: root bus resource [mem 0x40000000-0xfdffffff window]
[    0.252002] pci_bus 0000:00: root bus resource [bus 00-ff]
[    0.257307] pci 0000:00:01.1: legacy IDE quirk: reg 0x10: [io  0x01f0-0x01f7]
[    0.258984] pci 0000:00:01.1: legacy IDE quirk: reg 0x14: [io  0x03f6]
[    0.260002] pci 0000:00:01.1: legacy IDE quirk: reg 0x18: [io  0x0170-0x0177]
[    0.261636] pci 0000:00:01.1: legacy IDE quirk: reg 0x1c: [io  0x0376]
[    0.276515] pci 0000:00:07.0: quirk: [io  0x4000-0x403f] claimed by PIIX4 ACPI
[    0.278304] pci 0000:00:07.0: quirk: [io  0x4100-0x410f] claimed by PIIX4 SMB
[    0.285406] ACPI: PCI Interrupt Link [LNKA] (IRQs 5 9 10 *11)
[    0.287257] ACPI: PCI Interrupt Link [LNKB] (IRQs 5 9 *10 11)
[    0.288129] ACPI: PCI Interrupt Link [LNKC] (IRQs 5 *9 10 11)
[    0.289583] ACPI: PCI Interrupt Link [LNKD] (IRQs 5 9 10 *11)
[    0.292284] SCSI subsystem initialized
[    0.293287] pci 0000:00:02.0: vgaarb: setting as boot VGA device
[    0.293533] pci 0000:00:02.0: vgaarb: VGA device added: decodes=io+mem,owns=io+mem,locks=none
[    0.296008] pci 0000:00:02.0: vgaarb: bridge control possible
[    0.297412] vgaarb: loaded
[    0.298178] ACPI: bus type USB registered
[    0.300022] usbcore: registered new interface driver usbfs
[    0.301307] usbcore: registered new interface driver hub
[    0.302623] usbcore: registered new device driver usb
[    0.304041] EDAC MC: Ver: 3.0.0
[    0.305139] PCI: Using ACPI for IRQ routing
[    0.305487] NetLabel: Initializing
[    0.308003] NetLabel:  domain hash size = 128
[    0.309298] NetLabel:  protocols = UNLABELED CIPSOv4 CALIPSO
[    0.310721] NetLabel:  unlabeled traffic allowed by default
[    0.312056] clocksource: Switched to clocksource kvm-clock
[    0.331220] VFS: Disk quotas dquot_6.6.0
[    0.332285] VFS: Dquot-cache hash table entries: 512 (order 0, 4096 bytes)
[    0.334392] AppArmor: AppArmor Filesystem Enabled
[    0.335589] pnp: PnP ACPI init
[    0.337690] pnp: PnP ACPI: found 3 devices
[    0.348627] clocksource: acpi_pm: mask: 0xffffff max_cycles: 0xffffff, max_idle_ns: 2085701024 ns
[    0.350991] NET: Registered protocol family 2
[    0.352256] TCP established hash table entries: 8192 (order: 4, 65536 bytes)
[    0.353991] TCP bind hash table entries: 8192 (order: 5, 131072 bytes)
[    0.360278] TCP: Hash tables configured (established 8192 bind 8192)
[    0.361841] UDP hash table entries: 512 (order: 2, 16384 bytes)
[    0.363529] UDP-Lite hash table entries: 512 (order: 2, 16384 bytes)
[    0.365049] NET: Registered protocol family 1
[    0.366153] pci 0000:00:00.0: Limiting direct PCI/PCI transfers
[    0.367645] pci 0000:00:01.0: Activating ISA DMA hang workarounds
[    0.369193] pci 0000:00:02.0: Video device with shadowed ROM at [mem 0x000c0000-0x000dffff]
[    0.371298] Unpacking initramfs...
[    0.721809] Freeing initrd memory: 19208K
[    0.722921] clocksource: tsc: mask: 0xffffffffffffffff max_cycles: 0x255cb8d7d74, max_idle_ns: 440795265546 ns
[    0.725509] platform rtc_cmos: registered platform RTC device (no PNP device found)
[    0.727558] Scanning for low memory corruption every 60 seconds
[    0.730345] Initialise system trusted keyrings
[    0.731556] Key type blacklist registered
[    0.733191] workingset: timestamp_bits=36 max_order=18 bucket_order=0
[    0.736328] zbud: loaded
[    0.738019] squashfs: version 4.0 (2009/01/31) Phillip Lougher
[    0.741284] fuse init (API version 7.26)
[    0.746815] Key type asymmetric registered
[    0.748093] Asymmetric key parser 'x509' registered
[    0.750076] Block layer SCSI generic (bsg) driver version 0.4 loaded (major 246)
[    0.752288] io scheduler noop registered
[    0.753452] io scheduler deadline registered
[    0.755333] io scheduler cfq registered (default)
[    0.757687] ACPI: AC Adapter [AC] (on-line)
[    0.759343] input: Power Button as /devices/LNXSYSTM:00/LNXPWRBN:00/input/input0
[    0.761535] ACPI: Power Button [PWRF]
[    0.762936] input: Sleep Button as /devices/LNXSYSTM:00/LNXSLPBN:00/input/input1
[    0.765914] ACPI: Sleep Button [SLPF]
[    0.769925] ACPI: Battery Slot [BAT0] (battery present)
[    0.771769] Serial: 8250/16550 driver, 32 ports, IRQ sharing enabled
[    0.795116] 00:02: ttyS0 at I/O 0x3f8 (irq = 4, base_baud = 115200) is a 16550A
[    0.804704] Linux agpgart interface v0.103
[    0.807361] loop: module loaded
[    0.808617] scsi host0: ata_piix
[    0.809573] scsi host1: ata_piix
[    0.810420] ata1: PATA max UDMA/33 cmd 0x1f0 ctl 0x3f6 bmdma 0xd000 irq 14
[    0.811807] ata2: PATA max UDMA/33 cmd 0x170 ctl 0x376 bmdma 0xd008 irq 15
[    0.813397] libphy: Fixed MDIO Bus: probed
[    0.814443] tun: Universal TUN/TAP device driver, 1.6
[    0.815732] PPP generic driver version 2.4.2
[    0.817086] ehci_hcd: USB 2.0 'Enhanced' Host Controller (EHCI) Driver
[    0.818602] ehci-pci: EHCI PCI platform driver
[    0.819645] ehci-platform: EHCI generic platform driver
[    0.820989] ohci_hcd: USB 1.1 'Open' Host Controller (OHCI) Driver
[    0.822314] ohci-pci: OHCI PCI platform driver
[    0.823345] ohci-platform: OHCI generic platform driver
[    0.824564] uhci_hcd: USB Universal Host Controller Interface driver
[    0.825926] i8042: PNP: PS/2 Controller [PNP0303:PS2K,PNP0f03:PS2M] at 0x60,0x64 irq 1,12
[    0.828185] serio: i8042 KBD port at 0x60,0x64 irq 1
[    0.829391] serio: i8042 AUX port at 0x60,0x64 irq 12
[    0.830697] mousedev: PS/2 mouse device common for all mice
[    0.832719] rtc_cmos rtc_cmos: rtc core: registered rtc_cmos as rtc0
[    0.834525] input: AT Translated Set 2 keyboard as /devices/platform/i8042/serio0/input/input2
[    0.836325] rtc_cmos rtc_cmos: alarms up to one day, 114 bytes nvram
[    0.837856] i2c /dev entries driver
[    0.838907] device-mapper: uevent: version 1.0.3
[    0.840099] device-mapper: ioctl: 4.37.0-ioctl (2017-09-20) initialised: dm-devel@redhat.com
[    0.842300] ledtrig-cpu: registered to indicate activity on CPUs
[    0.844357] NET: Registered protocol family 10
[    0.850270] Segment Routing with IPv6
[    0.851312] NET: Registered protocol family 17
[    0.852572] Key type dns_resolver registered
[    0.854462] mce: Using 0 MCE banks
[    0.855782] RAS: Correctable Errors collector initialized.
[    0.857038] sched_clock: Marking stable (857021003, 0)->(1114565236, -257544233)
[    0.858986] registered taskstats version 1
[    0.859932] Loading compiled-in X.509 certificates
[    0.863359] Loaded X.509 cert 'Build time autogenerated kernel key: d019e8c5f4cbc828f6af43369f65a014a3a68371'
[    0.865714] zswap: loaded using pool lzo/zbud
[    0.870379] Key type big_key registered
[    0.871371] Key type trusted registered
[    0.874075] Key type encrypted registered
[    0.875102] AppArmor: AppArmor sha1 policy hashing enabled
[    0.876519] ima: No TPM chip found, activating TPM-bypass! (rc=-19)
[    0.877986] ima: Allocated hash algorithm: sha1
[    0.879118] evm: HMAC attrs: 0x1
[    0.880332]   Magic number: 0:322:634
[    0.881360] rtc_cmos rtc_cmos: setting system clock to 2020-04-05 13:37:40 UTC (1586093860)
[    0.883774] BIOS EDD facility v0.16 2004-Jun-25, 0 devices found
[    0.885554] EDD information not available.
[    0.999672] Freeing unused kernel image memory: 2432K
[    1.012288] Write protecting the kernel read-only data: 20480k
[    1.014623] Freeing unused kernel image memory: 2008K
[    1.016469] Freeing unused kernel image memory: 1880K
[    1.026822] x86/mm: Checked W+X mappings: passed, no W+X pages found.
[    1.028635] x86/mm: Checking user space page tables
[    1.038511] x86/mm: Checked W+X mappings: passed, no W+X pages found.
Loading, please wait...
starting version 237
[    1.128847] Fusion MPT base driver 3.04.20
[    1.130120] Copyright (c) 1999-2008 LSI Corporation
[    1.141401] e1000: Intel(R) PRO/1000 Network Driver - version 7.3.21-k8-NAPI
[    1.141410] AVX2 version of gcm_enc/dec engaged.
[    1.143390] e1000: Copyright (c) 1999-2006 Intel Corporation.
[    1.144710] AES CTR mode by8 optimization enabled
[    1.161084] Fusion MPT SPI Host driver 3.04.20
[    1.348121] input: ImExPS/2 Generic Explorer Mouse as /devices/platform/i8042/serio1/input/input4
[    1.729245] e1000 0000:00:03.0 eth0: (PCI:33MHz:32-bit) 02:85:4f:0b:ef:e7
[    1.730846] e1000 0000:00:03.0 eth0: Intel(R) PRO/1000 Network Connection
[    1.733944] mptbase: ioc0: Initiating bringup
[    1.735888] e1000 0000:00:03.0 enp0s3: renamed from eth0
[    2.740839] ioc0: LSI53C1030 A0: Capabilities={Initiator}
[    7.977263] scsi host2: ioc0: LSI53C1030 A0, FwRev=00000000h, Ports=1, MaxQ=256, IRQ=20
[   10.234805] scsi 2:0:0:0: Direct-Access     VBOX     HARDDISK         1.0  PQ: 0 ANSI: 5
[   10.268444] scsi target2:0:0: Beginning Domain Validation
[   10.274225] scsi target2:0:0: Domain Validation skipping write tests
[   10.275940] scsi target2:0:0: Ending Domain Validation
[   10.277537] scsi target2:0:0: asynchronous
[   10.279628] scsi 2:0:1:0: Direct-Access     VBOX     HARDDISK         1.0  PQ: 0 ANSI: 5
[   10.312029] scsi target2:0:1: Beginning Domain Validation
[   10.316804] random: fast init done
[   10.318241] scsi target2:0:1: Domain Validation skipping write tests
[   10.319670] scsi target2:0:1: Ending Domain Validation
[   10.320989] scsi target2:0:1: asynchronous
[   10.329540] random: systemd-udevd: uninitialized urandom read (16 bytes read)
[   10.331393] random: systemd-udevd: uninitialized urandom read (16 bytes read)
[   10.333054] random: systemd-udevd: uninitialized urandom read (16 bytes read)
[   10.335111] sd 2:0:0:0: Attached scsi generic sg0 type 0
[   10.335333] sd 2:0:0:0: [sda] 20971520 512-byte logical blocks: (10.7 GB/10.0 GiB)
[   10.337268] sd 2:0:1:0: Attached scsi generic sg1 type 0
[   10.338867] sd 2:0:0:0: [sda] Write Protect is off
[   10.341843] sd 2:0:1:0: [sdb] 20480 512-byte logical blocks: (10.5 MB/10.0 MiB)
[   10.343525] sd 2:0:0:0: [sda] Incomplete mode parameter data
[   10.344990] sd 2:0:0:0: [sda] Assuming drive cache: write through
[   10.346366] sd 2:0:1:0: [sdb] Write Protect is off
[   10.347941] sd 2:0:1:0: [sdb] Incomplete mode parameter data
[   10.349472] sd 2:0:1:0: [sdb] Assuming drive cache: write through
[   10.357828]  sda: sda1
[   10.360262] sd 2:0:0:0: [sda] Attached SCSI disk
[   10.362121] sd 2:0:1:0: [sdb] Attached SCSI disk
Begin: Loading essential drivers ... [   12.048283] raid6: sse2x1   gen() 11009 MB/s
[   12.096605] raid6: sse2x1   xor()  7907 MB/s
[   12.144424] raid6: sse2x2   gen() 13374 MB/s
[   12.192307] raid6: sse2x2   xor()  6930 MB/s
[   12.240019] raid6: sse2x4   gen() 13625 MB/s
[   12.288296] raid6: sse2x4   xor()  9484 MB/s
[   12.336107] raid6: avx2x1   gen() 21953 MB/s
[   12.384908] raid6: avx2x1   xor() 15762 MB/s
[   12.432304] raid6: avx2x2   gen() 27213 MB/s
[   12.480092] raid6: avx2x2   xor() 16677 MB/s
[   12.528411] raid6: avx2x4   gen() 30164 MB/s
[   12.576080] raid6: avx2x4   xor() 17047 MB/s
[   12.577278] raid6: using algorithm avx2x4 gen() 30164 MB/s
[   12.578931] raid6: .... xor() 17047 MB/s, rmw enabled
[   12.580362] raid6: using avx2x2 recovery algorithm
[   12.583054] xor: automatically using best checksumming function   avx       
[   12.586197] async_tx: api initialized (async)
done.
Begin: Running /scripts/init-premount ... done.
Begin: Mounting root file system ... Begin: Running /scripts/local-top ... done.
Begin: Running /scripts/local-premount ... [   12.646267] Btrfs loaded, crc32c=crc32c-intel
Scanning for Btrfs filesystems
done.
Warning: fsck not present, so skipping root file system
[   12.690137] EXT4-fs (sda1): mounted filesystem with ordered data mode. Opts: (null)
done.
Begin: Running /scripts/local-bottom ... done.
Begin: Running /scripts/init-bottom ... done.
[   12.886288] ip_tables: (C) 2000-2006 Netfilter Core Team
[   12.902657] systemd[1]: systemd 237 running in system mode. (+PAM +AUDIT +SELINUX +IMA +APPARMOR +SMACK +SYSVINIT +UTMP +LIBCRYPTSETUP +GCRYPT +GNUTLS +ACL +XZ +LZ4 +SECCOMP +BLKID +ELFUTILS +KMOD -IDN2 +IDN -PCRE2 default-hierarchy=hybrid)
[   12.907849] systemd[1]: Detected virtualization oracle.
[   12.909348] systemd[1]: Detected architecture x86-64.

Welcome to [1mUbuntu 18.04.4 LTS[0m!

[   12.915750] systemd[1]: Set hostname to <ubuntu>.
[   12.923491] systemd[1]: Initializing machine ID from random generator.
[   12.925347] systemd[1]: Installed transient /etc/machine-id file.
[   13.836614] systemd[1]: Created slice System Slice.
[[0;32m  OK  [0m] Created slice System Slice.
[   14.572981] systemd[1]: Listening on Journal Socket (/dev/log).
[[0;32m  OK  [0m] Listening on Journal Socket (/dev/log).
[   14.575592] systemd[1]: Listening on Network Service Netlink Socket.
[[0;32m  OK  [0m] Listening on Network Service Netlink Socket.
[   14.609448] systemd[1]: Listening on /dev/initctl Compatibility Named Pipe.
[[0;32m  OK  [0m] Listening on /dev/initctl Compatibility Named Pipe.
[[0;32m  OK  [0m] Listening on Device-mapper event daemon FIFOs.
[[0;32m  OK  [0m] Created slice system-serial\x2dgetty.slice.
[[0;32m  OK  [0m] Reached target User and Group Name Lookups.
[[0;32m  OK  [0m] Set up automount Arbitrary Executab…rmats File System Automount Point.
[[0;32m  OK  [0m] Created slice User and Session Slice.
[[0;32m  OK  [0m] Reached target System Time Synchronized.
[[0;32m  OK  [0m] Listening on LVM2 poll daemon socket.
[[0;32m  OK  [0m] Listening on udev Kernel Socket.
[[0;32m  OK  [0m] Listening on Syslog Socket.
[[0;32m  OK  [0m] Listening on Journal Audit Socket.
[[0;32m  OK  [0m] Listening on udev Control Socket.
[[0;32m  OK  [0m] Listening on Journal Socket.
         Mounting POSIX Message Queue File System...
         Starting Remount Root and Kernel File Systems...
         Starting Set the console keyboard layout...
         Starting Journal Service...
[   15.751592] EXT4-fs (sda1): re-mounted. Opts: (null)
         Starting Create list of required st…ce nodes for the current kernel...
         Mounting Kernel Debug File System...
         Starting Uncomplicated firewall...
         Starting udev Coldplug all Devices...
         Mounting Huge Pages File System...
[[0;32m  OK  [0m] Started Forward Password Requests to Wall Directory Watch.
[[0;32m  OK  [0m] Reached target Swap.
         Starting Load Kernel Modules...
[[0;32m  OK  [0m] Reached target Slices.
[[0;32m  OK  [0m] Listening on LVM2 metadata daemon socket.
[   15.846831] Loading iSCSI transport class v2.0-870.
         Starting Monitoring of LVM2 mirrors…ng dmeventd or progress polling...
[[0;32m  OK  [0m] Started Journal Service.
[[0;32m  OK  [0m] Mounted POSIX Message Queue File System.
[[0;32m  OK  [0m] Started Remount Root and Kernel File Systems.
[[0;32m  OK  [0m] Started Create list of required sta…vice nodes for the current kernel.
[[0;32m  OK  [0m] Mounted Kernel Debug File System.
[   15.862237] iscsi: registered transport (tcp)
[[0;32m  OK  [0m] Started Uncomplicated firewall.
[[0;32m  OK  [0m] Mounted Huge Pages File System.
         Starting Create Static Device Nodes in /dev...
         Starting Load/Save Random Seed...
         Starting Flush Journal to Persistent Storage...
[[0;32m  OK  [0m] Started Load/Save Random Seed.
[[0;32m  OK  [0m] Started udev Coldplug all Devices.
[[0;32m  OK  [0m] Started Create Static Device Nodes in /dev.
         Starting udev Kernel Device Manager...
[[0;32m  OK  [0m] Started LVM2 metadata daemon.
[[0;32m  OK  [0m] Started Set the console keyboard layout.
[   15.967618] systemd-journald[386]: Received request to flush runtime journal from PID 1
[   15.972925] iscsi: registered transport (iser)
[[0;32m  OK  [0m] Started Load Kernel Modules.
         Mounting Kernel Configuration File System...
         Starting Apply Kernel Variables...
         Mounting FUSE Control File System...
[[0;32m  OK  [0m] Mounted Kernel Configuration File System.
[[0;32m  OK  [0m] Mounted FUSE Control File System.
[[0;32m  OK  [0m] Started udev Kernel Device Manager.
[[0;32m  OK  [0m] Started Dispatch Password Requests to Console Directory Watch.
[[0;32m  OK  [0m] Reached target Local Encrypted Volumes.
[[0;32m  OK  [0m] Started Monitoring of LVM2 mirrors,…sing dmeventd or progress polling.
[[0;32m  OK  [0m] Reached target Local File Systems (Pre).
[[0;32m  OK  [0m] Reached target Local File Systems.
         Starting Set console font and keymap...
         Starting AppArmor initialization...
         Starting Commit a transient machine-id on disk...
         Starting Tell Plymouth To Write Out Runtime Data...
         Starting ebtables ruleset management...
[[0;32m  OK  [0m] Started Apply Kernel Variables.
[[0;32m  OK  [0m] Started Set console font and keymap.
[[0;32m  OK  [0m] Started Flush Journal to Persistent Storage.
         Starting Create Volatile Files and Directories...
[[0;32m  OK  [0m] Started Tell Plymouth To Write Out Runtime Data.
[[0;32m  OK  [0m] Started Create Volatile Files and Directories.
         Starting Update UTMP about System Boot/Shutdown...
[[0;32m  OK  [0m] Started Commit a transient machine-id on disk.
[[0;32m  OK  [0m] Started Update UTMP about System Boot/Shutdown.
[[0;32m  OK  [0m] Started ebtables ruleset management.
[[0;32m  OK  [0m] Found device /dev/ttyS0.
[[0;32m  OK  [0m] Listening on Load/Save RF Kill Switch Status /dev/rfkill Watch.
[[0;32m  OK  [0m] Started AppArmor initialization.
         Starting Initial cloud-init job (pre-networking)...
[   19.305416] cloud-init[538]: Cloud-init v. 19.4-33-gbb4131a2-0ubuntu1~18.04.1 running 'init-local' at Sun, 05 Apr 2020 13:37:58 +0000. Up 18.82 seconds.
[[0;32m  OK  [0m] Started Initial cloud-init job (pre-networking).
[[0;32m  OK  [0m] Reached target Network (Pre).
         Starting Network Service...
[[0;32m  OK  [0m] Started Network Service.
         Starting Wait for Network to be Configured...
         Starting Network Name Resolution...
[[0;32m  OK  [0m] Started Network Name Resolution.
[[0;32m  OK  [0m] Reached target Network.
[[0;32m  OK  [0m] Reached target Host and Network Name Lookups.
[[0;32m  OK  [0m] Started Wait for Network to be Configured.
         Starting Initial cloud-init job (metadata service crawler)...
[   21.456667] cloud-init[667]: Cloud-init v. 19.4-33-gbb4131a2-0ubuntu1~18.04.1 running 'init' at Sun, 05 Apr 2020 13:38:00 +0000. Up 21.24 seconds.
[   21.458023] cloud-init[667]: ci-info: ++++++++++++++++++++++++++++++++++++++Net device info++++++++++++++++++++++++++++++++++++++
[   21.459536] cloud-init[667]: ci-info: +--------+------+----------------------------+---------------+--------+-------------------+
[   21.461038] cloud-init[667]: ci-info: | Device |  Up  |          Address           |      Mask     | Scope  |     Hw-Address    |
[   21.462362] cloud-init[667]: ci-info: +--------+------+----------------------------+---------------+--------+-------------------+
[   21.463876] cloud-init[667]: ci-info: | enp0s3 | True |         10.0.2.15          | 255.255.255.0 | global | 02:85:4f:0b:ef:e7 |
[   21.465279] cloud-init[667]: ci-info: | enp0s3 | True | fe80::85:4fff:fe0b:efe7/64 |       .       |  link  | 02:85:4f:0b:ef:e7 |
[   21.466675] cloud-init[667]: ci-info: |   lo   | True |         127.0.0.1          |   255.0.0.0   |  host  |         .         |
[   21.468283] cloud-init[667]: ci-info: |   lo   | True |          ::1/128           |       .       |  host  |         .         |
[   21.469795] cloud-init[667]: ci-info: +--------+------+----------------------------+---------------+--------+-------------------+
[   21.471414] cloud-init[667]: ci-info: ++++++++++++++++++++++++++++Route IPv4 info+++++++++++++++++++++++++++++
[   21.472632] cloud-init[667]: ci-info: +-------+-------------+----------+-----------------+-----------+-------+
[   21.484154] cloud-init[667]: ci-info: | Route | Destination | Gateway  |     Genmask     | Interface | Flags |
[   21.485110] cloud-init[667]: ci-info: +-------+-------------+----------+-----------------+-----------+-------+
[   21.496147] cloud-init[667]: ci-info: |   0   |   0.0.0.0   | 10.0.2.2 |     0.0.0.0     |   enp0s3  |   UG  |
[   21.512128] cloud-init[667]: ci-info: |   1   |   10.0.2.0  | 0.0.0.0  |  255.255.255.0  |   enp0s3  |   U   |
[   21.524716] cloud-init[667]: ci-info: |   2   |   10.0.2.2  | 0.0.0.0  | 255.255.255.255 |   enp0s3  |   UH  |
[   21.525935] cloud-init[667]: ci-info: +-------+-------------+----------+-----------------+-----------+-------+
[   21.527378] cloud-init[667]: ci-info: +++++++++++++++++++Route IPv6 info+++++++++++++++++++
[   21.540433] cloud-init[667]: ci-info: +-------+-------------+---------+-----------+-------+
[   21.541428] cloud-init[667]: ci-info: | Route | Destination | Gateway | Interface | Flags |
[   21.542557] cloud-init[667]: ci-info: +-------+-------------+---------+-----------+-------+
[   21.552566] cloud-init[667]: ci-info: |   1   |  fe80::/64  |    ::   |   enp0s3  |   U   |
[   21.553763] cloud-init[667]: ci-info: |   3   |    local    |    ::   |   enp0s3  |   U   |
[   21.554648] cloud-init[667]: ci-info: |   4   |   ff00::/8  |    ::   |   enp0s3  |   U   |
[   21.555635] cloud-init[667]: ci-info: +-------+-------------+---------+-----------+-------+
[   22.474239] cloud-init[667]: Generating public/private rsa key pair.
[   22.475220] cloud-init[667]: Your identification has been saved in /etc/ssh/ssh_host_rsa_key.
[   22.476383] cloud-init[667]: Your public key has been saved in /etc/ssh/ssh_host_rsa_key.pub.
[   22.488515] cloud-init[667]: The key fingerprint is:
[   22.500204] cloud-init[667]: SHA256:d4NyxKnM6KlxpGIU74133bk6qmOlZ2ShyURjRvu5sRA root@ubuntu-bionic
[   22.501419] cloud-init[667]: The key's randomart image is:
[   22.502115] cloud-init[667]: +---[RSA 2048]----+
[   22.502747] cloud-init[667]: |     ..          |
[   22.512282] cloud-init[667]: |      =. . .     |
[   22.512923] cloud-init[667]: |  .  +E.  +      |
[   22.513575] cloud-init[667]: |   o  .*.+ .     |
[   22.524586] cloud-init[667]: |  . .o+oS.+ o    |
[[   22.536700] cloud-init[667]: | . . *+o+O o o   |
[   22.536803] cloud-init[667]: |  o = *=+ . o    |
[0;32m  OK  [0m] Started Initial cloud-init job (metadata service crawler).
[   22.539789] cloud-init[667]: | . . =+.o .  .   |
[[   22.552844] [0;32m  OK  [0mcloud-init] Reached target Cloud-config availability.[667]: 
|    ...=...o.    |
[   22.552962] cloud-init[667]: +----[SHA256]-----+
[   22.553363] cloud-init[667]: Generating public/private dsa key pair.
[[   22.555467] [0;32m  OK  [0mcloud-init] [667]: Reached target Network is Online.Your identification has been saved in /etc/ssh/ssh_host_dsa_key.
[   22.556547] cloud-init[667]: Your public key has been saved in /etc/ssh/ssh_host_dsa_key.pub.

[   22.556685] cloud-init[667]: The key fingerprint is:
[   22.569714] cloud-init[667]: SHA256:nTmKMNuUAOenD/Pttr3sVy4btuiWxisMrV1hwltptv4 root@ubuntu-bionic
[[   22.570919] cloud-init[667]: The key's randomart image is:
[0;32m  OK  [0m] Reached target Remote File Systems (Pre).
[   22.571012] cloud-init[667]: +---[DSA 1024]----+
[[0;32m  OK  [0m[   22.584886] ] cloud-initReached target Remote File Systems.[667]: |  . .            |

[   22.586063] cloud-init[667]: |   +             |
         [   22.600283] cloud-init[667]: |    o ..   .     |
[   22.600489] cloud-init[667]: |     + .o.Bo     |
[   22.600778] cloud-init[667]: |    * o.SB=o     |
Starting Availability of block devices...
[   22.601138] cloud-init[667]: |     @.oo.o.  .  |
[[   22.625993] cloud-init[667]: |    . ==o+ .oo   |
[   22.626157] cloud-init[667]: |      ..=o*ooo.  |
[0;32m  OK  [0m] Reached target System Initialization.
[   22.626669] cloud-init[667]: |       .oBO=Eo   |
[   22.627401] cloud-init[667]: +----[SHA256]-----+
[   22.627715] cloud-init[667]: Generating public/private ecdsa key pair.
[   22.628682] cloud-init[667]: Your identification has been saved in /etc/ssh/ssh_host_ecdsa_key.
[   22.628761] cloud-init[667]: Your public key has been saved in /etc/ssh/ssh_host_ecdsa_key.pub.
[   22.630174] cloud-init[667]: The key fingerprint is:
[   22.630623] cloud-init[667]: SHA256:fixu/IV3ZxjXz9fPWXoHLPDgP26QAfjCurLvb7U47c0 root@ubuntu-bionic
[   22.630864] cloud-init[667]: The key's randomart image is:
[   22.631305] cloud-init[667]: +---[ECDSA 256]---+
[   22.631393] cloud-init[667]: |       .         |
[[0;32m  OK  [0m] Started Daily Cleanup of Temporary Directories.
[   22.631855] cloud-init[667]: |      . .        |
[   22.635511] cloud-init[667]: |     . . .       |
[   22.636671] cloud-init[667]: |      o . +     .|
[[   22.637362] cloud-init[667]: |     . .S. * .. o|
[   22.637565] cloud-init[667]: |    .  ...+.o o=o|
[0;32m  OK  [0m] Started ACPI Events Check.
[   22.637730] cloud-init[667]: |     . =o.+oo.o.O|
[[   22.665122] [0;32m  OK  [0mcloud-init[667]: ] |  . . +.== o+. =B|Reached target Paths.

[   22.665248] cloud-init[667]: |  .=oo.+o.Eo...o+|
[[   22.677108] [0;32m  OK  [0m] cloud-init[667]: Started Daily apt download activities.+----[SHA256]-----+

[   22.678408] cloud-init[667]: Generating public/private ed25519 key pair.
[   22.679468] cloud-init[667]: Your identification has been saved in /etc/ssh/ssh_host_ed25519_key.
[   22.692423] cloud-init[667]: Your public key has been saved in /etc/ssh/ssh_host_ed25519_key.pub.
[   22.692518] cloud-init[667]: The key fingerprint is:
[   22.693027] cloud-init[667]: SHA256:+GPtYyYTHEGys4Rms9RQl9nYuGi53LjLRPDCJKHgdrs root@ubuntu-bionic
[   22.693222] cloud-init[667]: The key's randomart image is:
[   22.693475] cloud-init[667]: +--[ED25519 256]--+
[   22.693833] cloud-init[667]: |. . ..o.oB       |
[   22.694335] cloud-init[667]: |o. . + +* o      |
         Starting LXD - unix socket.
[   22.694412] cloud-init[667]: |.o..O =o o       |
[[   22.708595] [0;32m  OK  [0mcloud-init] [667]: Listening on ACPID Listen Socket.|. .B.*++o        |

[   22.709747] cloud-init[667]: |   .+o==S.       |
[[   22.710449] cloud-init[667]: |    .o+.+.       |
[   22.710619] cloud-init[667]: |   E  ..+..      |
[   22.710974] cloud-init[667]: |     o..oo+      |[0;32m  OK  [0m
] Started Discard unused blocks once a week.
[[   22.711437] cloud-init[667]: |      o. =..     |
[   22.713155] cloud-init[667]: +----[SHA256]-----+
[0;32m  OK  [0m] Listening on UUID daemon activation socket.
[[0;32m  OK  [0m] Listening on Open-iSCSI iscsid Socket.
[[0;32m  OK  [0m] Listening on D-Bus System Message Bus Socket.
[[0;32m  OK  [0m] Started Daily apt upgrade and clean activities.
         Starting Socket activation for snappy daemon.
[[0;32m  OK  [0m] Started Message of the Day.
[[0;32m  OK  [0m] Reached target Timers.
[[0;32m  OK  [0m] Started Availability of block devices.
[[0;32m  OK  [0m] Listening on LXD - unix socket.
[[0;32m  OK  [0m] Listening on Socket activation for snappy daemon.
[[0;32m  OK  [0m] Reached target Sockets.
[[0;32m  OK  [0m] Reached target Basic System.
         Starting LSB: automatic crash report generation...
[[0;32m  OK  [0m] Started Deferred execution scheduler.
         Starting Login Service...
         Starting Dispatcher daemon for systemd-networkd...
[[0;32m  OK  [0m] Started FUSE filesystem for LXC.
[[0;32m  OK  [0m] Started D-Bus System Message Bus.
         Starting Pollinate to seed the pseudo random number generator...
[[0;32m  OK  [0m] Started irqbalance daemon.
         Starting Permit User Sessions...
[[0;32m  OK  [0m] Started Regular background program processing daemon.
         Starting System Logging Service...
         Starting Accounts Service...
         Starting Snappy daemon...
         Starting LSB: Record successful boot for GRUB...
         Starting Virtualbox guest utils...
         Starting LXD - container startup/shutdown...
[[0;32m  OK  [0m] Started System Logging Service.
[[0;32m  OK  [0m] Started Permit User Sessions.
[[0;32m  OK  [0m] Started Login Service.
[[0;32m  OK  [0m] Started Unattended Upgrades Shutdown.
         Starting Terminate Plymouth Boot Screen...
         Starting Hold until boot process finishes up...
[[0;32m  OK  [0m] Started Hold until boot process finishes up.
         Starting Set console scheme...
[[0;32m  OK  [0m] Started Serial Getty on ttyS0.
[[0;32m  OK  [0m] Started Terminate Plymouth Boot Screen.
         Starting Authorization Manager...
[[0;32m  OK  [0m] Started Set console scheme.
[[0;32m  OK  [0m] Created slice system-getty.slice.
[[0;32m  OK  [0m] Started Getty on tty1.
[[0;32m  OK  [0m] Reached target Login Prompts.
[[0;32m  OK  [0m] Started LSB: automatic crash report generation.
[[0;32m  OK  [0m] Started Dispatcher daemon for systemd-networkd.
[[0;32m  OK  [0m] Started Authorization Manager.
[[0;32m  OK  [0m] Started Accounts Service.
[[0;32m  OK  [0m] Started LSB: Record successful boot for GRUB.
[[0;32m  OK  [0m] Started Virtualbox guest utils.
[[0;32m  OK  [0m] Started LXD - container startup/shutdown.
[[0;32m  OK  [0m] Started Snappy daemon.
         Starting Wait until snapd is fully seeded...
[[0;32m  OK  [0m] Started Pollinate to seed the pseudo random number generator.
         Starting OpenBSD Secure Shell server...
[[0;32m  OK  [0m] Started OpenBSD Secure Shell server.
[[0;32m  OK  [0m] Created slice User Slice of vagrant.
         Starting User Manager for UID 1000...
[[0;32m  OK  [0m] Started Session 1 of user vagrant.
[[0;32m  OK  [0m] Started User Manager for UID 1000.

Ubuntu 18.04.4 LTS ubuntu-bionic ttyS0

ubuntu-bionic login: [   35.144788] cloud-init[1635]: Cloud-init v. 19.4-33-gbb4131a2-0ubuntu1~18.04.1 running 'modules:config' at Sun, 05 Apr 2020 13:38:14 +0000. Up 34.65 seconds.
ci-info: no authorized SSH keys fingerprints found for user ubuntu.
<14>Apr  5 13:38:15 ec2: 
<14>Apr  5 13:38:15 ec2: #############################################################
<14>Apr  5 13:38:15 ec2: -----BEGIN SSH HOST KEY FINGERPRINTS-----
<14>Apr  5 13:38:15 ec2: 1024 SHA256:nTmKMNuUAOenD/Pttr3sVy4btuiWxisMrV1hwltptv4 root@ubuntu-bionic (DSA)
<14>Apr  5 13:38:15 ec2: 256 SHA256:fixu/IV3ZxjXz9fPWXoHLPDgP26QAfjCurLvb7U47c0 root@ubuntu-bionic (ECDSA)
<14>Apr  5 13:38:15 ec2: 256 SHA256:+GPtYyYTHEGys4Rms9RQl9nYuGi53LjLRPDCJKHgdrs root@ubuntu-bionic (ED25519)
<14>Apr  5 13:38:15 ec2: 2048 SHA256:d4NyxKnM6KlxpGIU74133bk6qmOlZ2ShyURjRvu5sRA root@ubuntu-bionic (RSA)
<14>Apr  5 13:38:15 ec2: -----END SSH HOST KEY FINGERPRINTS-----
<14>Apr  5 13:38:15 ec2: #############################################################
-----BEGIN SSH HOST KEY KEYS-----
ecdsa-sha2-nistp256 AAAAE2VjZHNhLXNoYTItbmlzdHAyNTYAAAAIbmlzdHAyNTYAAABBBHPpooeha7PU6vfrXU9yQehWyCwsmiN+K/1voC00wBwYAzj9+aiMj4DkK2wWO38rGVCLTvVi9PsPNnCEcsG6QTU= root@ubuntu-bionic
ssh-ed25519 AAAAC3NzaC1lZDI1NTE5AAAAIEGtQ51sytRbiWXbXft9xcYTK9tv08nUwHhTZaFJCuVR root@ubuntu-bionic
ssh-rsa AAAAB3NzaC1yc2EAAAADAQABAAABAQCkMd9hWGCRjO2uxehVUy8VL+OVOzPMp938fhvMKAyukpx77Dmyyw5h9DQM6rgbvo2m7KBe73LwaNDPDusnh0TzfTCA4IWrKLbxFPwhy4alMBQC8FcVHlp3YTnMPtPvYNdZOgw0NkaN5TFLyIWZHbLNoLO9A5jfqa3R+Bpvq/ABJWsdNI8mwutmsSF6YICT+mwVDfFxwohzQ+rSSYqNpuIP0hZTXhQmpjt3lsXFQF3ANOwm8OLckPOoGLzIAx9w8xZZIKQtp9rRj/59jRHtdIeuLfC+Ty5QYZAQgkgCPJhb4HANqiTWgWItbLJhyOYzhLEdC9LWId9GJwz3uFJfWKlV root@ubuntu-bionic
-----END SSH HOST KEY KEYS-----
[   35.868624] cloud-init[1688]: Cloud-init v. 19.4-33-gbb4131a2-0ubuntu1~18.04.1 running 'modules:final' at Sun, 05 Apr 2020 13:38:15 +0000. Up 35.68 seconds.
[   35.870135] cloud-init[1688]: ci-info: no authorized SSH keys fingerprints found for user ubuntu.
[   35.871427] cloud-init[1688]: Cloud-init v. 19.4-33-gbb4131a2-0ubuntu1~18.04.1 finished at Sun, 05 Apr 2020 13:38:15 +0000. Datasource DataSourceNoCloud [seed=/dev/sdb][dsmode=net].  Up 35.85 seconds
